<?xml version="1.0" encoding="UTF-8" ?>
<testsuite tests="1" failures="0" title="PresentacionCobertura.Cobertura.TestAcceso" time="0.02" errors="0" skipped="0">
  <properties>
    <property title="java.runtime.title" value="Java(TM) SE Runtime Environment"/>
    <property title="sun.boot.library.path" value="C:\Program Files\Java\jdk1.8.0_144\jre\bin"/>
    <property title="java.vm.version" value="25.144-b01"/>
    <property title="java.vm.vendor" value="Oracle Corporation"/>
    <property title="maven.multiModuleProjectDirectory" value="C:\Users\EDUARDO\Desktop\ECLIPSE\DEUSTO_SPQ_1718_4\Cobertura"/>
    <property title="java.vendor.url" value="http://java.oracle.com/"/>
    <property title="path.separator" value=";"/>
    <property title="guice.disable.misplaced.annotation.check" value="true"/>
    <property title="java.vm.title" value="Java HotSpot(TM) 64-Bit Server VM"/>
    <property title="file.encoding.pkg" value="sun.io"/>
    <property title="user.script" value=""/>
    <property title="user.country" value="ES"/>
    <property title="sun.java.launcher" value="SUN_STANDARD"/>
    <property title="sun.os.patch.level" value=""/>
    <property title="java.vm.specification.title" value="Java Virtual Machine Specification"/>
    <property title="user.dir" value="C:\Users\EDUARDO\Desktop\ECLIPSE\DEUSTO_SPQ_1718_4\Cobertura"/>
    <property title="java.runtime.version" value="1.8.0_144-b01"/>
    <property title="java.awt.graphicsenv" value="sun.awt.Win32GraphicsEnvironment"/>
    <property title="java.endorsed.dirs" value="C:\Program Files\Java\jdk1.8.0_144\jre\lib\endorsed"/>
    <property title="os.arch" value="amd64"/>
    <property title="java.io.tmpdir" value="C:\Users\EDUARDO\AppData\Local\Temp\"/>
    <property title="line.separator" value="
"/>
    <property title="java.vm.specification.vendor" value="Oracle Corporation"/>
    <property title="user.variant" value=""/>
    <property title="os.title" value="Windows 10"/>
    <property title="net.sourceforge.cobertura.datafile" value="C:\Users\EDUARDO\Desktop\ECLIPSE\DEUSTO_SPQ_1718_4\Cobertura\target\cobertura\cobertura.ser"/>
    <property title="classworlds.conf" value="C:\Program Files (x86)\apache-maven-3.5.0\bin\..\bin\m2.conf"/>
    <property title="sun.jnu.encoding" value="Cp1252"/>
    <property title="java.library.path" value="C:\Program Files\Java\jdk1.8.0_144\bin;C:\WINDOWS\Sun\Java\bin;C:\WINDOWS\system32;C:\WINDOWS;C:\ProgramData\Oracle\Java\javapath;C:\WINDOWS\system32;C:\WINDOWS;C:\WINDOWS\System32\Wbem;C:\WINDOWS\System32\WindowsPowerShell\v1.0\;C:\Program Files (x86)\Common Files\lenovo\easyplussdk\bin;C:\Program Files\Java\jdk1.8.0_144\bin;C:\Program Files\Git\cmd;C:\Program Files\MySQL\MySQL Utilities 1.6\;C:\Program Files (x86)\apache-maven-3.5.0\bin;C:\Users\EDUARDO\AppData\Local\Microsoft\WindowsApps;;."/>
    <property title="maven.conf" value="C:\Program Files (x86)\apache-maven-3.5.0\bin\../conf"/>
    <property title="java.specification.title" value="Java Platform API Specification"/>
    <property title="java.class.version" value="52.0"/>
    <property title="sun.management.compiler" value="HotSpot 64-Bit Tiered Compilers"/>
    <property title="os.version" value="10.0"/>
    <property title="library.jansi.path" value="C:\Program Files (x86)\apache-maven-3.5.0\bin\..\lib\jansi-native\windows64"/>
    <property title="user.home" value="C:\Users\EDUARDO"/>
    <property title="user.timezone" value="Europe/Paris"/>
    <property title="java.awt.printerjob" value="sun.awt.windows.WPrinterJob"/>
    <property title="java.specification.version" value="1.8"/>
    <property title="file.encoding" value="Cp1252"/>
    <property title="user.title" value="EDUARDO"/>
    <property title="java.class.path" value="C:\Program Files (x86)\apache-maven-3.5.0\bin\..\boot\plexus-classworlds-2.5.2.jar"/>
    <property title="java.vm.specification.version" value="1.8"/>
    <property title="sun.arch.data.model" value="64"/>
    <property title="java.home" value="C:\Program Files\Java\jdk1.8.0_144\jre"/>
    <property title="sun.java.command" value="org.codehaus.plexus.classworlds.launcher.Launcher verify"/>
    <property title="java.specification.vendor" value="Oracle Corporation"/>
    <property title="user.language" value="es"/>
    <property title="awt.toolkit" value="sun.awt.windows.WToolkit"/>
    <property title="java.vm.info" value="mixed mode"/>
    <property title="java.version" value="1.8.0_144"/>
    <property title="java.ext.dirs" value="C:\Program Files\Java\jdk1.8.0_144\jre\lib\ext;C:\WINDOWS\Sun\Java\lib\ext"/>
    <property title="sun.boot.class.path" value="C:\Program Files\Java\jdk1.8.0_144\jre\lib\resources.jar;C:\Program Files\Java\jdk1.8.0_144\jre\lib\rt.jar;C:\Program Files\Java\jdk1.8.0_144\jre\lib\sunrsasign.jar;C:\Program Files\Java\jdk1.8.0_144\jre\lib\jsse.jar;C:\Program Files\Java\jdk1.8.0_144\jre\lib\jce.jar;C:\Program Files\Java\jdk1.8.0_144\jre\lib\charsets.jar;C:\Program Files\Java\jdk1.8.0_144\jre\lib\jfr.jar;C:\Program Files\Java\jdk1.8.0_144\jre\classes"/>
    <property title="sun.stderr.encoding" value="cp850"/>
    <property title="java.vendor" value="Oracle Corporation"/>
    <property title="maven.home" value="C:\Program Files (x86)\apache-maven-3.5.0\bin\.."/>
    <property title="file.separator" value="\"/>
    <property title="java.vendor.url.bug" value="http://bugreport.sun.com/bugreport/"/>
    <property title="sun.cpu.endian" value="little"/>
    <property title="sun.io.unicode.encoding" value="UnicodeLittle"/>
    <property title="project.build.outputDirectory" value="C:\Users\EDUARDO\Desktop\ECLIPSE\DEUSTO_SPQ_1718_4\Cobertura\target\generated-classes\cobertura"/>
    <property title="sun.stdout.encoding" value="cp850"/>
    <property title="sun.desktop" value="windows"/>
    <property title="sun.cpu.isalist" value="amd64"/>
  </properties>
  <testcase classname="PresentacionCobertura.Cobertura.TestAcceso" title="testComprobar" time="0.02"/>
</testsuite>